2021-11-27 15:38:48,108  INFO [] [] [] [com.tib.uploadmodel.UploadProductModels] [processModel] - [ThreadID:17] Product Models from file TIBCO_PRODUCTMODELOffline_23241.xml are uploaded to catalog service 
2021-11-27 15:38:48,118 ERROR [] [] [] [com.tib.uploadmodel.UploadProductModels] [publishProductModel] - [ThreadID:17] Unable to connect to http://ope-catalog-cloud-poc.app.telecomitalia.local/v1/productmodel. Shutting down service. 
org.springframework.web.client.ResourceAccessException: I/O error on POST request for "http://ope-catalog-cloud-poc.app.telecomitalia.local/v1/productmodel": Connection reset; nested exception is java.net.SocketException: Connection reset
	at org.springframework.web.client.RestTemplate.doExecute(RestTemplate.java:744)
	at org.springframework.web.client.RestTemplate.execute(RestTemplate.java:670)
	at org.springframework.web.client.RestTemplate.exchange(RestTemplate.java:579)
	at com.tib.uploadmodel.UploadProductModels.publishProductModel(UploadProductModels.java:161)
	at java.base/java.util.ArrayList.forEach(ArrayList.java:1540)
	at com.tib.uploadmodel.UploadProductModels.publishProductModels(UploadProductModels.java:137)
	at java.base/java.util.Optional.ifPresent(Optional.java:183)
	at com.tib.uploadmodel.UploadProductModels.lambda$processModel$3(UploadProductModels.java:98)
	at java.base/java.util.Optional.ifPresent(Optional.java:183)
	at com.tib.uploadmodel.UploadProductModels.processModel(UploadProductModels.java:94)
	at com.tib.uploadmodel.UploadProductModels.lambda$uploadModels$1(UploadProductModels.java:70)
	at java.base/java.util.concurrent.ThreadPoolExecutor.runWorker(ThreadPoolExecutor.java:1128)
	at java.base/java.util.concurrent.ThreadPoolExecutor$Worker.run(ThreadPoolExecutor.java:628)
	at java.base/java.lang.Thread.run(Thread.java:834)
Caused by: java.net.SocketException: Connection reset
	at java.base/java.net.SocketInputStream.read(SocketInputStream.java:186)
	at java.base/java.net.SocketInputStream.read(SocketInputStream.java:140)
	at org.apache.http.impl.io.SessionInputBufferImpl.streamRead(SessionInputBufferImpl.java:137)
	at org.apache.http.impl.io.SessionInputBufferImpl.fillBuffer(SessionInputBufferImpl.java:153)
	at org.apache.http.impl.io.SessionInputBufferImpl.readLine(SessionInputBufferImpl.java:280)
	at org.apache.http.impl.conn.DefaultHttpResponseParser.parseHead(DefaultHttpResponseParser.java:138)
	at org.apache.http.impl.conn.DefaultHttpResponseParser.parseHead(DefaultHttpResponseParser.java:56)
	at org.apache.http.impl.io.AbstractMessageParser.parse(AbstractMessageParser.java:259)
	at org.apache.http.impl.DefaultBHttpClientConnection.receiveResponseHeader(DefaultBHttpClientConnection.java:163)
	at org.apache.http.impl.conn.CPoolProxy.receiveResponseHeader(CPoolProxy.java:157)
	at org.apache.http.protocol.HttpRequestExecutor.doReceiveResponse(HttpRequestExecutor.java:273)
	at org.apache.http.protocol.HttpRequestExecutor.execute(HttpRequestExecutor.java:125)
	at org.apache.http.impl.execchain.MainClientExec.execute(MainClientExec.java:272)
	at org.apache.http.impl.execchain.ProtocolExec.execute(ProtocolExec.java:186)
	at org.apache.http.impl.execchain.RetryExec.execute(RetryExec.java:89)
	at org.apache.http.impl.execchain.RedirectExec.execute(RedirectExec.java:110)
	at org.apache.http.impl.client.InternalHttpClient.doExecute(InternalHttpClient.java:185)
	at org.apache.http.impl.client.CloseableHttpClient.execute(CloseableHttpClient.java:83)
	at org.apache.http.impl.client.CloseableHttpClient.execute(CloseableHttpClient.java:56)
	at org.springframework.http.client.HttpComponentsClientHttpRequest.executeInternal(HttpComponentsClientHttpRequest.java:87)
	at org.springframework.http.client.AbstractBufferingClientHttpRequest.executeInternal(AbstractBufferingClientHttpRequest.java:48)
	at org.springframework.http.client.AbstractClientHttpRequest.execute(AbstractClientHttpRequest.java:53)
	at org.springframework.web.client.RestTemplate.doExecute(RestTemplate.java:735)
	... 13 common frames omitted
